\o Program:		@(#)$CDS: libManager version 32.10 11/11/2011 13:43 (cat91amd) $
\o Sub version:		sub-version  s008 
\o Arguments:		-mpssession virtuoso85518 -mpshost tera.eng.hmc.edu 
\o Working Directory:	tera.eng.hmc.edu:/hdd/home/ekahn/IC_CAD/current_state_run1
\o Qt version: 		4.5.3
\o Log file is "/hdd/home/ekahn/IC_CAD/current_state_run1/libManager.log".
\o Opening libManager window.
\a nrSetCurrentWindow(cdsLibManager)
\a nrResizeWindow(cdsLibManager list(166 0 1336 755))
\o Loading customization file "./cdsLibMgr.il"
\o Loading NCSU Library Manager customizations...done.
\o changeWorkingDir("/hdd/home/ekahn/IC_CAD/current_state_run1") unnecessary.
\o ddSetForcedLib("") unnecessary.
\o MPS service: map window
\o Library Manager customization server connected.
\a nrSetCurrentWindow(cdsLibManager)
\a nrSetCurrentWindow(cdsLibManager)
\a nrSetCurrentWindow(cdsLibManager)
\a nrSetCurrentWindow(cdsLibManager)
\a nrSetCurrentWindow(cdsLibManager)
\a nrSetCurrentWindow(cdsLibManager)
\o MPS service: shutdown
\o libManager is exiting.
\a nrSetWindowVisibility(cdsLibManager "hide")
\a exit(0)
